Using 12 threads for Baum-Welch training
Writing to file ./ChromHMM_model/transitions_15.txt
Writing to file ./ChromHMM_model/emissions_15.txt
Writing to file ./ChromHMM_model/emissions_15.svg
Writing to file ./ChromHMM_model/emissions_15.png
Writing to file ./ChromHMM_model/transitions_15.png
Writing to file ./ChromHMM_model/transitions_15.svg
Writing to file ./ChromHMM_model/model_15.txt
 Iteration  Estimated Log Likelihood     Change    Total Time (secs)
         1             -15327114.627          -                  2.9
         2             -14565507.896 761606.731                  4.9
         3             -14369789.914 195717.981                  6.9
         4             -14238914.235 130875.679                  8.9
         5             -14149121.820  89792.415                 10.8
         6             -14085757.454  63364.367                 12.7
         7             -14039731.936  46025.518                 14.7
         8             -14005085.168  34646.768                 17.0
         9             -13978115.779  26969.388                 19.0
        10             -13956623.537  21492.243                 21.1
        11             -13939267.222  17356.315                 22.9
        12             -13925134.871  14132.350                 24.9
        13             -13913507.428  11627.443                 26.9
        14             -13903763.815   9743.613                 28.8
        15             -13895353.822   8409.993                 30.8
        16             -13887783.477   7570.345                 32.8
        17             -13880602.079   7181.398                 34.7
        18             -13873389.296   7212.782                 36.6
        19             -13865748.680   7640.617                 38.6
        20             -13857318.101   8430.579                 40.8
        21             -13847844.609   9473.492                 42.7
        22             -13837404.650  10439.959                 44.7
        23             -13826691.496  10713.154                 46.7
        24             -13816790.406   9901.090                 48.5
        25             -13808432.536   8357.869                 50.6
        26             -13801689.227   6743.309                 52.7
        27             -13796245.844   5443.383                 54.7
        28             -13791729.962   4515.882                 57.1
        29             -13787852.544   3877.419                 59.2
        30             -13784420.664   3431.880                 61.2
        31             -13781311.781   3108.883                 63.8
        32             -13778449.030   2862.750                 66.0
        33             -13775790.409   2658.621                 68.1
        34             -13773310.396   2480.013                 69.9
        35             -13770989.879   2320.517                 72.1
        36             -13768818.252   2171.626                 74.3
        37             -13766792.354   2025.898                 76.3
        38             -13764913.668   1878.687                 78.5
        39             -13763185.845   1727.822                 80.5
        40             -13761612.474   1573.372                 82.7
        41             -13760195.327   1417.146                 84.7
        42             -13758933.221   1262.106                 86.9
        43             -13757821.576   1111.646                 88.9
        44             -13756852.616    968.960                 90.8
        45             -13756015.984    836.632                 92.8
        46             -13755299.535    716.448                 94.8
        47             -13754690.204    609.331                 96.8
        48             -13754174.796    515.408                 98.8
        49             -13753740.633    434.163                100.9
        50             -13753375.962    364.671                102.8
        51             -13753070.204    305.758                104.8
        52             -13752814.044    256.160                107.0
        53             -13752599.421    214.623                109.1
        54             -13752419.455    179.966                111.1
        55             -13752268.328    151.127                113.3
        56             -13752141.162    127.166                115.4
        57             -13752033.887    107.275                117.4
        58             -13751943.125     90.762                119.4
        59             -13751866.077     77.048                121.6
        60             -13751800.432     65.645                123.5
        61             -13751744.283     56.149                125.5
        62             -13751696.057     48.226                127.5
        63             -13751654.460     41.597                129.7
        64             -13751618.424     36.036                131.6
        65             -13751587.070     31.355                133.8
        66             -13751559.670     27.400                135.9
        67             -13751535.624     24.046                137.9
        68             -13751514.435     21.189                139.9
        69             -13751495.688     18.747                142.2
        70             -13751479.039     16.649                144.4
        71             -13751464.199     14.840                146.6
        72             -13751450.926     13.274                148.5
        73             -13751439.014     11.912                150.6
        74             -13751428.289     10.724                152.7
        75             -13751418.604      9.685                154.9
        76             -13751409.831      8.773                157.0
        77             -13751401.862      7.969                158.8
        78             -13751394.602      7.260                161.0
        79             -13751387.969      6.633                162.9
        80             -13751381.891      6.077                164.8
        81             -13751376.308      5.583                166.8
        82             -13751371.165      5.143                169.0
        83             -13751366.415      4.750                170.9
        84             -13751362.017      4.399                173.2
        85             -13751357.921      4.095                175.1
        86             -13751354.121      3.801                177.1
        87             -13751350.575      3.545                179.2
        88             -13751347.258      3.317                181.1
        89             -13751344.149      3.109                183.2
        90             -13751341.229      2.921                185.0
        91             -13751338.479      2.750                187.1
        92             -13751335.885      2.594                189.4
        93             -13751333.433      2.452                191.5
        94             -13751331.111      2.322                193.5
        95             -13751328.908      2.203                195.4
        96             -13751326.814      2.094                197.5
        97             -13751324.822      1.992                199.6
        98             -13751322.923      1.899                201.6
        99             -13751321.111      1.812                203.8
       100             -13751319.379      1.732                205.8
       101             -13751317.721      1.658                207.8
       102             -13751316.132      1.589                210.0
       103             -13751314.608      1.524                212.1
       104             -13751313.144      1.464                214.0
       105             -13751311.737      1.407                216.2
       106             -13751310.383      1.354                218.1
       107             -13751309.078      1.305                220.1
       108             -13751307.822      1.257                222.2
       109             -13751306.609      1.213                224.4
       110             -13751305.438      1.171                226.4
       111             -13751304.307      1.131                228.4
       112             -13751303.214      1.094                230.3
       113             -13751302.156      1.058                232.4
       114             -13751301.132      1.024                234.5
       115             -13751300.140      0.992                236.6
       116             -13751299.179      0.961                238.5
       117             -13751298.248      0.932                240.4
       118             -13751297.344      0.903                242.7
       119             -13751296.468      0.877                244.7
       120             -13751295.617      0.851                246.7
       121             -13751294.791      0.826                248.6
       122             -13751293.988      0.802                250.6
       123             -13751293.209      0.779                252.6
       124             -13751292.451      0.757                254.6
       125             -13751291.715      0.736                256.7
       126             -13751291.000      0.716                258.6
       127             -13751290.304      0.696                260.7
       128             -13751289.627      0.677                262.8
       129             -13751288.969      0.658                265.0
       130             -13751288.329      0.640                267.1
       131             -13751287.706      0.623                269.1
       132             -13751287.100      0.606                271.3
       133             -13751286.511      0.589                273.2
       134             -13751285.937      0.574                275.4
       135             -13751285.379      0.558                277.4
       136             -13751284.836      0.543                279.4
       137             -13751284.307      0.528                281.6
       138             -13751283.793      0.515                283.6
       139             -13751283.292      0.500                285.7
       140             -13751282.805      0.487                287.7
       141             -13751282.331      0.474                289.8
       142             -13751281.870      0.461                291.9
       143             -13751281.422      0.449                294.1
       144             -13751280.985      0.437                296.2
       145             -13751280.560      0.425                298.4
       146             -13751280.147      0.413                300.3
       147             -13751279.745      0.402                302.3
       148             -13751279.354      0.391                304.5
       149             -13751278.973      0.381                306.6
       150             -13751278.603      0.370                308.8
       151             -13751278.243      0.360                311.0
       152             -13751277.892      0.350                312.9
       153             -13751277.551      0.341                315.0
       154             -13751277.219      0.332                317.1
       155             -13751276.897      0.323                319.2
       156             -13751276.583      0.314                321.1
       157             -13751276.278      0.305                323.2
       158             -13751275.981      0.297                325.4
       159             -13751275.692      0.289                327.7
       160             -13751275.411      0.281                329.7
       161             -13751275.137      0.273                331.7
       162             -13751274.871      0.266                333.7
       163             -13751274.613      0.259                335.8
       164             -13751274.361      0.252                338.0
       165             -13751274.116      0.245                340.1
       166             -13751273.878      0.238                342.2
       167             -13751273.647      0.232                344.1
       168             -13751273.421      0.225                346.3
       169             -13751273.202      0.219                348.7
       170             -13751272.989      0.213                350.9
       171             -13751272.778      0.211                353.1
       172             -13751272.577      0.201                355.1
       173             -13751272.381      0.196                357.2
       174             -13751272.190      0.191                359.3
       175             -13751272.005      0.185                361.2
       176             -13751271.825      0.180                363.1
       177             -13751271.649      0.175                365.2
       178             -13751271.479      0.171                367.2
       179             -13751271.313      0.166                369.1
       180             -13751271.152      0.161                371.1
       181             -13751270.995      0.157                373.2
       182             -13751270.842      0.153                375.1
       183             -13751270.694      0.148                377.2
       184             -13751270.550      0.144                379.4
       185             -13751270.410      0.140                381.4
       186             -13751270.273      0.136                383.4
       187             -13751270.141      0.133                385.4
       188             -13751270.012      0.129                387.1
       189             -13751269.887      0.125                389.3
       190             -13751269.765      0.122                391.3
       191             -13751269.646      0.118                393.5
       192             -13751269.531      0.115                395.6
       193             -13751269.419      0.112                397.5
       194             -13751269.311      0.109                399.5
       195             -13751269.205      0.106                401.5
       196             -13751269.102      0.103                403.4
       197             -13751269.003      0.100                405.7
       198             -13751268.906      0.097                407.9
       199             -13751268.811      0.094                409.9
       200             -13751268.720      0.092                411.8
Writing to file ./ChromHMM_model/HAP1_15_segments.bed
Writing to file ./ChromHMM_model/HAP1_15_dense.bed
Writing to file ./ChromHMM_model/HAP1_15_expanded.bed
Writing to file ./ChromHMM_model/HAP1_15_overlap.txt
Writing to file ./ChromHMM_model/HAP1_15_overlap.png
Writing to file ./ChromHMM_model/HAP1_15_overlap.svg
Writing to file ./ChromHMM_model/HAP1_15_RefSeqTSS_neighborhood.txt
Writing to file ./ChromHMM_model/HAP1_15_RefSeqTSS_neighborhood.png
Writing to file ./ChromHMM_model/HAP1_15_RefSeqTSS_neighborhood.svg
Writing to file ./ChromHMM_model/HAP1_15_RefSeqTES_neighborhood.txt
Writing to file ./ChromHMM_model/HAP1_15_RefSeqTES_neighborhood.png
Writing to file ./ChromHMM_model/HAP1_15_RefSeqTES_neighborhood.svg
Warning could not automatically open in a browser ./ChromHMM_model/webpage_15.html

------------------------------------------------------------
Sender: LSF System <lsfadmin@node-13-27>
Subject: Job 431588: <ChromHMM> in cluster <farm22> Done

Job <ChromHMM> was submitted from host <farm22-head1> by user <jk24> in cluster <farm22> at Sat Dec 28 12:43:50 2024
Job was executed on host(s) <12*node-13-27>, in queue <normal>, as user <jk24> in cluster <farm22> at Sat Dec 28 12:44:08 2024
</nfs/users/nfs_j/jk24> was used as the home directory.
</lustre/scratch123/hgi/projects/genome_scramble/Analysis_supplements/HAP1_NGS/v2> was used as the working directory.
Started at Sat Dec 28 12:44:08 2024
Terminated at Sat Dec 28 12:54:45 2024
Results reported at Sat Dec 28 12:54:45 2024

Your job looked like:

------------------------------------------------------------
# LSBATCH: User input
java -mx4000M -jar /lustre/scratch123/hgi/projects/genome_scramble/software/ChromHMM/ChromHMM.jar LearnModel -p 12 ./ChromHMM_binaries ./ChromHMM_model 15 hg38
------------------------------------------------------------

Successfully completed.

Resource usage summary:

    CPU time :                                   3564.00 sec.
    Max Memory :                                 4158 MB
    Average Memory :                             3153.31 MB
    Total Requested Memory :                     40000.00 MB
    Delta Memory :                               35842.00 MB
    Max Swap :                                   -
    Max Processes :                              3
    Max Threads :                                104
    Run time :                                   690 sec.
    Turnaround time :                            655 sec.

The output (if any) is above this job summary.

